0 verbose cli /usr/local/bin/node /usr/local/bin/npm
1 info using npm@11.8.0
2 info using node@v24.13.1
3 silly config load:file:/usr/local/lib/node_modules/npm/npmrc
4 silly config load:file:/Users/seongseojo/바이브코딩/chrono-link/server/.npmrc
5 silly config load:file:/Users/seongseojo/.npmrc
6 silly config load:file:/usr/local/etc/npmrc
7 verbose title npm install express socket.io cors
8 verbose argv "install" "express" "socket.io" "cors" "--cache" "./local-npm-cache"
9 verbose logfile logs-max:10 dir:/Users/seongseojo/바이브코딩/chrono-link/server/local-npm-cache/_logs/2026-03-09T16_06_02_166Z-
10 verbose logfile /Users/seongseojo/바이브코딩/chrono-link/server/local-npm-cache/_logs/2026-03-09T16_06_02_166Z-debug-0.log
11 silly logfile done cleaning log files
12 silly packumentCache heap:4496293888 maxSize:1124073472 maxEntrySize:562036736
13 silly idealTree buildDeps
14 silly fetch manifest express@*
15 silly packumentCache full:https://registry.npmjs.org/express cache-miss
16 http fetch GET 200 https://registry.npmjs.org/npm 63ms
17 http fetch GET 200 https://registry.npmjs.org/express 55ms (cache miss)
18 silly packumentCache full:https://registry.npmjs.org/express set size:undefined disposed:false
19 silly fetch manifest socket.io@*
20 silly packumentCache full:https://registry.npmjs.org/socket.io cache-miss
21 http fetch GET 200 https://registry.npmjs.org/socket.io 27ms (cache miss)
22 silly packumentCache full:https://registry.npmjs.org/socket.io set size:undefined disposed:false
23 silly fetch manifest cors@*
24 silly packumentCache full:https://registry.npmjs.org/cors cache-miss
25 http fetch GET 200 https://registry.npmjs.org/cors 20ms (cache miss)
26 silly packumentCache full:https://registry.npmjs.org/cors set size:undefined disposed:false
27 silly placeDep ROOT cors@2.8.6 OK for: server@1.0.0 want: *
28 silly placeDep ROOT express@5.2.1 OK for: server@1.0.0 want: *
29 silly placeDep ROOT socket.io@4.8.3 OK for: server@1.0.0 want: *
30 silly fetch manifest object-assign@^4
31 silly packumentCache full:https://registry.npmjs.org/object-assign cache-miss
32 silly fetch manifest vary@^1
33 silly packumentCache full:https://registry.npmjs.org/vary cache-miss
34 silly fetch manifest qs@^6.14.0
35 silly packumentCache full:https://registry.npmjs.org/qs cache-miss
36 silly fetch manifest depd@^2.0.0
37 silly packumentCache full:https://registry.npmjs.org/depd cache-miss
38 silly fetch manifest etag@^1.8.1
39 silly packumentCache full:https://registry.npmjs.org/etag cache-miss
40 silly fetch manifest once@^1.4.0
41 silly packumentCache full:https://registry.npmjs.org/once cache-miss
42 silly fetch manifest send@^1.1.0
43 silly packumentCache full:https://registry.npmjs.org/send cache-miss
44 silly fetch manifest vary@^1.1.2
45 silly packumentCache full:https://registry.npmjs.org/vary cache-miss
46 silly fetch manifest debug@^4.4.0
47 silly packumentCache full:https://registry.npmjs.org/debug cache-miss
48 silly fetch manifest fresh@^2.0.0
49 silly packumentCache full:https://registry.npmjs.org/fresh cache-miss
50 silly fetch manifest cookie@^0.7.1
51 silly packumentCache full:https://registry.npmjs.org/cookie cache-miss
52 http fetch GET 200 https://registry.npmjs.org/object-assign 26ms (cache miss)
53 silly packumentCache full:https://registry.npmjs.org/object-assign set size:undefined disposed:false
54 silly fetch manifest router@^2.2.0
55 silly packumentCache full:https://registry.npmjs.org/router cache-miss
56 http fetch GET 200 https://registry.npmjs.org/qs 38ms (cache miss)
57 silly packumentCache full:https://registry.npmjs.org/qs set size:undefined disposed:false
58 silly fetch manifest accepts@^2.0.0
59 silly packumentCache full:https://registry.npmjs.org/accepts cache-miss
60 http fetch GET 200 https://registry.npmjs.org/once 42ms (cache miss)
61 silly packumentCache full:https://registry.npmjs.org/once set size:undefined disposed:false
62 silly fetch manifest type-is@^2.0.1
63 silly packumentCache full:https://registry.npmjs.org/type-is cache-miss
64 http fetch GET 200 https://registry.npmjs.org/send 43ms (cache miss)
65 silly packumentCache full:https://registry.npmjs.org/send set size:undefined disposed:false
66 silly fetch manifest parseurl@^1.3.3
67 silly packumentCache full:https://registry.npmjs.org/parseurl cache-miss
68 http fetch GET 200 https://registry.npmjs.org/vary 46ms (cache miss)
69 silly packumentCache full:https://registry.npmjs.org/vary set size:undefined disposed:false
70 silly fetch manifest statuses@^2.0.1
71 silly packumentCache full:https://registry.npmjs.org/statuses cache-miss
72 http fetch GET 200 https://registry.npmjs.org/etag 48ms (cache miss)
73 silly packumentCache full:https://registry.npmjs.org/etag set size:undefined disposed:false
74 silly fetch manifest encodeurl@^2.0.0
75 silly packumentCache full:https://registry.npmjs.org/encodeurl cache-miss
76 http fetch GET 200 https://registry.npmjs.org/vary 49ms (cache miss)
77 silly packumentCache full:https://registry.npmjs.org/vary set size:undefined disposed:false
78 silly fetch manifest mime-types@^3.0.0
79 silly packumentCache full:https://registry.npmjs.org/mime-types cache-miss
80 http fetch GET 200 https://registry.npmjs.org/cookie 51ms (cache miss)
81 silly packumentCache full:https://registry.npmjs.org/cookie set size:undefined disposed:false
82 silly fetch manifest proxy-addr@^2.0.7
83 silly packumentCache full:https://registry.npmjs.org/proxy-addr cache-miss
84 http fetch GET 200 https://registry.npmjs.org/debug 56ms (cache miss)
85 silly packumentCache full:https://registry.npmjs.org/debug set size:undefined disposed:false
86 silly fetch manifest body-parser@^2.2.1
87 silly packumentCache full:https://registry.npmjs.org/body-parser cache-miss
88 http fetch GET 200 https://registry.npmjs.org/router 33ms (cache miss)
89 silly packumentCache full:https://registry.npmjs.org/router set size:undefined disposed:false
90 silly fetch manifest escape-html@^1.0.3
91 silly packumentCache full:https://registry.npmjs.org/escape-html cache-miss
92 http fetch GET 200 https://registry.npmjs.org/fresh 60ms (cache miss)
93 silly packumentCache full:https://registry.npmjs.org/fresh set size:undefined disposed:false
94 silly fetch manifest http-errors@^2.0.0
95 silly packumentCache full:https://registry.npmjs.org/http-errors cache-miss
96 http fetch GET 200 https://registry.npmjs.org/depd 62ms (cache miss)
97 silly packumentCache full:https://registry.npmjs.org/depd set size:undefined disposed:false
98 silly fetch manifest on-finished@^2.4.1
99 silly packumentCache full:https://registry.npmjs.org/on-finished cache-miss
100 http fetch GET 200 https://registry.npmjs.org/accepts 25ms (cache miss)
101 silly packumentCache full:https://registry.npmjs.org/accepts set size:undefined disposed:false
102 silly fetch manifest content-type@^1.0.5
103 silly packumentCache full:https://registry.npmjs.org/content-type cache-miss
104 http fetch GET 200 https://registry.npmjs.org/parseurl 21ms (cache miss)
105 silly packumentCache full:https://registry.npmjs.org/parseurl set size:undefined disposed:false
106 silly fetch manifest finalhandler@^2.1.0
107 silly packumentCache full:https://registry.npmjs.org/finalhandler cache-miss
108 http fetch GET 200 https://registry.npmjs.org/encodeurl 22ms (cache miss)
109 silly packumentCache full:https://registry.npmjs.org/encodeurl set size:undefined disposed:false
110 silly fetch manifest range-parser@^1.2.1
111 silly packumentCache full:https://registry.npmjs.org/range-parser cache-miss
112 http fetch GET 200 https://registry.npmjs.org/statuses 24ms (cache miss)
113 silly packumentCache full:https://registry.npmjs.org/statuses set size:undefined disposed:false
114 silly fetch manifest serve-static@^2.2.0
115 silly packumentCache full:https://registry.npmjs.org/serve-static cache-miss
116 http fetch GET 200 https://registry.npmjs.org/type-is 29ms (cache miss)
117 silly packumentCache full:https://registry.npmjs.org/type-is set size:undefined disposed:false
118 silly fetch manifest cookie-signature@^1.2.1
119 silly packumentCache full:https://registry.npmjs.org/cookie-signature cache-miss
120 http fetch GET 200 https://registry.npmjs.org/mime-types 23ms (cache miss)
121 silly packumentCache full:https://registry.npmjs.org/mime-types set size:undefined disposed:false
122 silly fetch manifest merge-descriptors@^2.0.0
123 silly packumentCache full:https://registry.npmjs.org/merge-descriptors cache-miss
124 http fetch GET 200 https://registry.npmjs.org/proxy-addr 24ms (cache miss)
125 silly packumentCache full:https://registry.npmjs.org/proxy-addr set size:undefined disposed:false
126 silly fetch manifest content-disposition@^1.0.0
127 silly packumentCache full:https://registry.npmjs.org/content-disposition cache-miss
128 http fetch GET 200 https://registry.npmjs.org/escape-html 26ms (cache miss)
129 silly packumentCache full:https://registry.npmjs.org/escape-html set size:undefined disposed:false
130 silly fetch manifest accepts@~1.3.4
131 silly packumentCache full:https://registry.npmjs.org/accepts cache-miss
132 http fetch GET 200 https://registry.npmjs.org/content-type 21ms (cache miss)
133 silly packumentCache full:https://registry.npmjs.org/content-type set size:undefined disposed:false
134 silly fetch manifest base64id@~2.0.0
135 silly packumentCache full:https://registry.npmjs.org/base64id cache-miss
136 http fetch GET 200 https://registry.npmjs.org/body-parser 30ms (cache miss)
137 silly packumentCache full:https://registry.npmjs.org/body-parser set size:undefined disposed:false
138 silly fetch manifest debug@~4.4.1
139 silly packumentCache full:https://registry.npmjs.org/debug cache-miss
140 http fetch GET 200 https://registry.npmjs.org/finalhandler 25ms (cache miss)
141 silly packumentCache full:https://registry.npmjs.org/finalhandler set size:undefined disposed:false
142 silly fetch manifest engine.io@~6.6.0
143 silly packumentCache full:https://registry.npmjs.org/engine.io cache-miss
144 http fetch GET 200 https://registry.npmjs.org/on-finished 30ms (cache miss)
145 silly packumentCache full:https://registry.npmjs.org/on-finished set size:undefined disposed:false
146 silly fetch manifest socket.io-adapter@~2.5.2
147 silly packumentCache full:https://registry.npmjs.org/socket.io-adapter cache-miss
148 http cache https://registry.npmjs.org/accepts 9ms (cache hit)
149 silly packumentCache full:https://registry.npmjs.org/accepts set size:77054 disposed:false
150 silly fetch manifest socket.io-parser@~4.2.4
151 silly packumentCache full:https://registry.npmjs.org/socket.io-parser cache-miss
152 http cache https://registry.npmjs.org/debug 7ms (cache hit)
153 silly packumentCache full:https://registry.npmjs.org/debug set size:195840 disposed:false
154 http fetch GET 200 https://registry.npmjs.org/range-parser 27ms (cache miss)
155 silly packumentCache full:https://registry.npmjs.org/range-parser set size:undefined disposed:false
156 http fetch GET 200 https://registry.npmjs.org/cookie-signature 26ms (cache miss)
157 silly packumentCache full:https://registry.npmjs.org/cookie-signature set size:undefined disposed:false
158 http fetch GET 200 https://registry.npmjs.org/merge-descriptors 25ms (cache miss)
159 silly packumentCache full:https://registry.npmjs.org/merge-descriptors set size:undefined disposed:false
160 http fetch GET 200 https://registry.npmjs.org/serve-static 29ms (cache miss)
161 silly packumentCache full:https://registry.npmjs.org/serve-static set size:undefined disposed:false
162 http fetch GET 200 https://registry.npmjs.org/content-disposition 23ms (cache miss)
163 silly packumentCache full:https://registry.npmjs.org/content-disposition set size:undefined disposed:false
164 http fetch GET 200 https://registry.npmjs.org/base64id 25ms (cache miss)
165 silly packumentCache full:https://registry.npmjs.org/base64id set size:undefined disposed:false
166 http fetch GET 200 https://registry.npmjs.org/socket.io-adapter 21ms (cache miss)
167 silly packumentCache full:https://registry.npmjs.org/socket.io-adapter set size:undefined disposed:false
168 http fetch GET 200 https://registry.npmjs.org/http-errors 52ms (cache miss)
169 silly packumentCache full:https://registry.npmjs.org/http-errors set size:undefined disposed:false
170 http fetch GET 200 https://registry.npmjs.org/engine.io 25ms (cache miss)
171 silly packumentCache full:https://registry.npmjs.org/engine.io set size:undefined disposed:false
172 http fetch GET 200 https://registry.npmjs.org/socket.io-parser 23ms (cache miss)
173 silly packumentCache full:https://registry.npmjs.org/socket.io-parser set size:undefined disposed:false
174 silly placeDep ROOT object-assign@4.1.1 OK for: cors@2.8.6 want: ^4
175 silly placeDep ROOT vary@1.1.2 OK for: cors@2.8.6 want: ^1
176 silly placeDep ROOT accepts@2.0.0 OK for: express@5.2.1 want: ^2.0.0
177 silly placeDep ROOT body-parser@2.2.2 OK for: express@5.2.1 want: ^2.2.1
178 silly placeDep ROOT content-disposition@1.0.1 OK for: express@5.2.1 want: ^1.0.0
179 silly placeDep ROOT content-type@1.0.5 OK for: express@5.2.1 want: ^1.0.5
180 silly placeDep ROOT cookie@0.7.2 OK for: express@5.2.1 want: ^0.7.1
181 silly placeDep ROOT cookie-signature@1.2.2 OK for: express@5.2.1 want: ^1.2.1
182 silly placeDep ROOT debug@4.4.3 OK for: express@5.2.1 want: ^4.4.0
183 silly placeDep ROOT depd@2.0.0 OK for: express@5.2.1 want: ^2.0.0
184 silly placeDep ROOT encodeurl@2.0.0 OK for: express@5.2.1 want: ^2.0.0
185 silly placeDep ROOT escape-html@1.0.3 OK for: express@5.2.1 want: ^1.0.3
186 silly placeDep ROOT etag@1.8.1 OK for: express@5.2.1 want: ^1.8.1
187 silly placeDep ROOT finalhandler@2.1.1 OK for: express@5.2.1 want: ^2.1.0
188 silly placeDep ROOT fresh@2.0.0 OK for: express@5.2.1 want: ^2.0.0
189 silly placeDep ROOT http-errors@2.0.1 OK for: express@5.2.1 want: ^2.0.0
190 silly placeDep ROOT merge-descriptors@2.0.0 OK for: express@5.2.1 want: ^2.0.0
191 silly placeDep ROOT mime-types@3.0.2 OK for: express@5.2.1 want: ^3.0.0
192 silly placeDep ROOT on-finished@2.4.1 OK for: express@5.2.1 want: ^2.4.1
193 silly placeDep ROOT once@1.4.0 OK for: express@5.2.1 want: ^1.4.0
194 silly placeDep ROOT parseurl@1.3.3 OK for: express@5.2.1 want: ^1.3.3
195 silly placeDep ROOT proxy-addr@2.0.7 OK for: express@5.2.1 want: ^2.0.7
196 silly placeDep ROOT qs@6.15.0 OK for: express@5.2.1 want: ^6.14.0
197 silly placeDep ROOT range-parser@1.2.1 OK for: express@5.2.1 want: ^1.2.1
198 silly placeDep ROOT router@2.2.0 OK for: express@5.2.1 want: ^2.2.0
199 silly placeDep ROOT send@1.2.1 OK for: express@5.2.1 want: ^1.1.0
200 silly placeDep ROOT serve-static@2.2.1 OK for: express@5.2.1 want: ^2.2.0
201 silly placeDep ROOT statuses@2.0.2 OK for: express@5.2.1 want: ^2.0.1
202 silly placeDep ROOT type-is@2.0.1 OK for: express@5.2.1 want: ^2.0.1
203 silly fetch manifest negotiator@^1.0.0
204 silly packumentCache full:https://registry.npmjs.org/negotiator cache-miss
205 silly fetch manifest bytes@^3.1.2
206 silly packumentCache full:https://registry.npmjs.org/bytes cache-miss
207 silly fetch manifest debug@^4.4.3
208 silly packumentCache full:https://registry.npmjs.org/debug cache-hit
209 silly fetch manifest iconv-lite@^0.7.0
210 silly packumentCache full:https://registry.npmjs.org/iconv-lite cache-miss
211 silly fetch manifest qs@^6.14.1
212 silly packumentCache full:https://registry.npmjs.org/qs cache-miss
213 silly fetch manifest raw-body@^3.0.1
214 silly packumentCache full:https://registry.npmjs.org/raw-body cache-miss
215 silly fetch manifest ms@^2.1.3
216 silly packumentCache full:https://registry.npmjs.org/ms cache-miss
217 silly fetch manifest inherits@~2.0.4
218 silly packumentCache full:https://registry.npmjs.org/inherits cache-miss
219 silly fetch manifest setprototypeof@~1.2.0
220 silly packumentCache full:https://registry.npmjs.org/setprototypeof cache-miss
221 silly fetch manifest statuses@~2.0.2
222 silly packumentCache full:https://registry.npmjs.org/statuses cache-miss
223 silly fetch manifest toidentifier@~1.0.1
224 silly packumentCache full:https://registry.npmjs.org/toidentifier cache-miss
225 silly fetch manifest mime-db@^1.54.0
226 silly packumentCache full:https://registry.npmjs.org/mime-db cache-miss
227 http cache https://registry.npmjs.org/qs 3ms (cache hit)
228 silly packumentCache full:https://registry.npmjs.org/qs set size:350258 disposed:false
229 silly fetch manifest ee-first@1.1.1
230 silly packumentCache full:https://registry.npmjs.org/ee-first cache-miss
231 http cache https://registry.npmjs.org/statuses 4ms (cache hit)
232 silly packumentCache full:https://registry.npmjs.org/statuses set size:37117 disposed:false
233 silly fetch manifest wrappy@1
234 silly packumentCache full:https://registry.npmjs.org/wrappy cache-miss
235 http fetch GET 200 https://registry.npmjs.org/bytes 20ms (cache miss)
236 silly packumentCache full:https://registry.npmjs.org/bytes set size:undefined disposed:false
237 silly fetch manifest forwarded@0.2.0
238 silly packumentCache full:https://registry.npmjs.org/forwarded cache-miss
239 http fetch GET 200 https://registry.npmjs.org/toidentifier 20ms (cache miss)
240 silly packumentCache full:https://registry.npmjs.org/toidentifier set size:undefined disposed:false
241 silly fetch manifest ipaddr.js@1.9.1
242 silly packumentCache full:https://registry.npmjs.org/ipaddr.js cache-miss
243 http fetch GET 200 https://registry.npmjs.org/inherits 24ms (cache miss)
244 silly packumentCache full:https://registry.npmjs.org/inherits set size:undefined disposed:false
245 silly fetch manifest side-channel@^1.1.0
246 silly packumentCache full:https://registry.npmjs.org/side-channel cache-miss
247 http fetch GET 200 https://registry.npmjs.org/mime-db 24ms (cache miss)
248 silly packumentCache full:https://registry.npmjs.org/mime-db set size:undefined disposed:false
249 silly fetch manifest is-promise@^4.0.0
250 silly packumentCache full:https://registry.npmjs.org/is-promise cache-miss
251 http fetch GET 200 https://registry.npmjs.org/iconv-lite 27ms (cache miss)
252 silly packumentCache full:https://registry.npmjs.org/iconv-lite set size:undefined disposed:false
253 silly fetch manifest path-to-regexp@^8.0.0
254 silly packumentCache full:https://registry.npmjs.org/path-to-regexp cache-miss
255 http fetch GET 200 https://registry.npmjs.org/ms 27ms (cache miss)
256 silly packumentCache full:https://registry.npmjs.org/ms set size:undefined disposed:false
257 silly fetch manifest statuses@^2.0.2
258 silly packumentCache full:https://registry.npmjs.org/statuses cache-hit
259 silly fetch manifest media-typer@^1.1.0
260 silly packumentCache full:https://registry.npmjs.org/media-typer cache-miss
261 http fetch GET 200 https://registry.npmjs.org/wrappy 24ms (cache miss)
262 silly packumentCache full:https://registry.npmjs.org/wrappy set size:undefined disposed:false
263 http fetch GET 200 https://registry.npmjs.org/setprototypeof 29ms (cache miss)
264 silly packumentCache full:https://registry.npmjs.org/setprototypeof set size:undefined disposed:false
265 http fetch GET 200 https://registry.npmjs.org/raw-body 30ms (cache miss)
266 silly packumentCache full:https://registry.npmjs.org/raw-body set size:undefined disposed:false
267 http fetch GET 200 https://registry.npmjs.org/negotiator 31ms (cache miss)
268 silly packumentCache full:https://registry.npmjs.org/negotiator set size:undefined disposed:false
269 http fetch GET 200 https://registry.npmjs.org/forwarded 19ms (cache miss)
270 silly packumentCache full:https://registry.npmjs.org/forwarded set size:undefined disposed:false
271 http fetch GET 200 https://registry.npmjs.org/ipaddr.js 21ms (cache miss)
272 silly packumentCache full:https://registry.npmjs.org/ipaddr.js set size:undefined disposed:false
273 http fetch GET 200 https://registry.npmjs.org/media-typer 17ms (cache miss)
274 silly packumentCache full:https://registry.npmjs.org/media-typer set size:undefined disposed:false
275 http fetch GET 200 https://registry.npmjs.org/path-to-regexp 22ms (cache miss)
276 silly packumentCache full:https://registry.npmjs.org/path-to-regexp set size:undefined disposed:false
277 http fetch GET 200 https://registry.npmjs.org/side-channel 27ms (cache miss)
278 silly packumentCache full:https://registry.npmjs.org/side-channel set size:undefined disposed:false
279 http fetch GET 200 https://registry.npmjs.org/is-promise 25ms (cache miss)
280 silly packumentCache full:https://registry.npmjs.org/is-promise set size:undefined disposed:false
281 http fetch GET 200 https://registry.npmjs.org/ee-first 176ms (cache miss)
282 silly packumentCache full:https://registry.npmjs.org/ee-first set size:undefined disposed:false
283 silly placeDep ROOT negotiator@1.0.0 OK for: accepts@2.0.0 want: ^1.0.0
284 silly placeDep ROOT bytes@3.1.2 OK for: body-parser@2.2.2 want: ^3.1.2
285 silly placeDep ROOT iconv-lite@0.7.2 OK for: body-parser@2.2.2 want: ^0.7.0
286 silly placeDep ROOT raw-body@3.0.2 OK for: body-parser@2.2.2 want: ^3.0.1
287 silly fetch manifest safer-buffer@>= 2.1.2 < 3.0.0
288 silly packumentCache full:https://registry.npmjs.org/safer-buffer cache-miss
289 silly fetch manifest unpipe@~1.0.0
290 silly packumentCache full:https://registry.npmjs.org/unpipe cache-miss
291 http fetch GET 200 https://registry.npmjs.org/safer-buffer 20ms (cache miss)
292 silly packumentCache full:https://registry.npmjs.org/safer-buffer set size:undefined disposed:false
293 http fetch GET 200 https://registry.npmjs.org/unpipe 30ms (cache miss)
294 silly packumentCache full:https://registry.npmjs.org/unpipe set size:undefined disposed:false
295 silly placeDep ROOT ms@2.1.3 OK for: debug@4.4.3 want: ^2.1.3
296 silly placeDep ROOT inherits@2.0.4 OK for: http-errors@2.0.1 want: ~2.0.4
297 silly placeDep ROOT setprototypeof@1.2.0 OK for: http-errors@2.0.1 want: ~1.2.0
298 silly placeDep ROOT toidentifier@1.0.1 OK for: http-errors@2.0.1 want: ~1.0.1
299 silly placeDep ROOT safer-buffer@2.1.2 OK for: iconv-lite@0.7.2 want: >= 2.1.2 < 3.0.0
300 silly placeDep ROOT mime-db@1.54.0 OK for: mime-types@3.0.2 want: ^1.54.0
301 silly placeDep ROOT ee-first@1.1.1 OK for: on-finished@2.4.1 want: 1.1.1
302 silly placeDep ROOT wrappy@1.0.2 OK for: once@1.4.0 want: 1
303 silly placeDep ROOT forwarded@0.2.0 OK for: proxy-addr@2.0.7 want: 0.2.0
304 silly placeDep ROOT ipaddr.js@1.9.1 OK for: proxy-addr@2.0.7 want: 1.9.1
305 silly placeDep ROOT side-channel@1.1.0 OK for: qs@6.15.0 want: ^1.1.0
306 silly fetch manifest es-errors@^1.3.0
307 silly packumentCache full:https://registry.npmjs.org/es-errors cache-miss
308 silly fetch manifest object-inspect@^1.13.3
309 silly packumentCache full:https://registry.npmjs.org/object-inspect cache-miss
310 silly fetch manifest side-channel-list@^1.0.0
311 silly packumentCache full:https://registry.npmjs.org/side-channel-list cache-miss
312 silly fetch manifest side-channel-map@^1.0.1
313 silly packumentCache full:https://registry.npmjs.org/side-channel-map cache-miss
314 silly fetch manifest side-channel-weakmap@^1.0.2
315 silly packumentCache full:https://registry.npmjs.org/side-channel-weakmap cache-miss
316 http fetch GET 200 https://registry.npmjs.org/side-channel-map 19ms (cache miss)
317 silly packumentCache full:https://registry.npmjs.org/side-channel-map set size:undefined disposed:false
318 http fetch GET 200 https://registry.npmjs.org/side-channel-list 20ms (cache miss)
319 silly packumentCache full:https://registry.npmjs.org/side-channel-list set size:undefined disposed:false
320 http fetch GET 200 https://registry.npmjs.org/side-channel-weakmap 21ms (cache miss)
321 silly packumentCache full:https://registry.npmjs.org/side-channel-weakmap set size:undefined disposed:false
322 http fetch GET 200 https://registry.npmjs.org/es-errors 23ms (cache miss)
323 silly packumentCache full:https://registry.npmjs.org/es-errors set size:undefined disposed:false
324 http fetch GET 200 https://registry.npmjs.org/object-inspect 28ms (cache miss)
325 silly packumentCache full:https://registry.npmjs.org/object-inspect set size:undefined disposed:false
326 silly placeDep ROOT unpipe@1.0.0 OK for: raw-body@3.0.2 want: ~1.0.0
327 silly placeDep ROOT is-promise@4.0.0 OK for: router@2.2.0 want: ^4.0.0
328 silly placeDep ROOT path-to-regexp@8.3.0 OK for: router@2.2.0 want: ^8.0.0
329 silly placeDep ROOT es-errors@1.3.0 OK for: side-channel@1.1.0 want: ^1.3.0
330 silly placeDep ROOT object-inspect@1.13.4 OK for: side-channel@1.1.0 want: ^1.13.3
331 silly placeDep ROOT side-channel-list@1.0.0 OK for: side-channel@1.1.0 want: ^1.0.0
332 silly placeDep ROOT side-channel-map@1.0.1 OK for: side-channel@1.1.0 want: ^1.0.1
333 silly placeDep ROOT side-channel-weakmap@1.0.2 OK for: side-channel@1.1.0 want: ^1.0.2
334 silly fetch manifest call-bound@^1.0.2
335 silly packumentCache full:https://registry.npmjs.org/call-bound cache-miss
336 silly fetch manifest get-intrinsic@^1.2.5
337 silly packumentCache full:https://registry.npmjs.org/get-intrinsic cache-miss
338 silly fetch manifest call-bound@^1.0.2
339 silly packumentCache full:https://registry.npmjs.org/call-bound cache-miss
340 silly fetch manifest get-intrinsic@^1.2.5
341 silly packumentCache full:https://registry.npmjs.org/get-intrinsic cache-miss
342 http fetch GET 200 https://registry.npmjs.org/get-intrinsic 18ms (cache miss)
343 silly packumentCache full:https://registry.npmjs.org/get-intrinsic set size:undefined disposed:false
344 http fetch GET 200 https://registry.npmjs.org/get-intrinsic 19ms (cache miss)
345 silly packumentCache full:https://registry.npmjs.org/get-intrinsic set size:undefined disposed:false
346 http fetch GET 200 https://registry.npmjs.org/call-bound 20ms (cache miss)
347 silly packumentCache full:https://registry.npmjs.org/call-bound set size:undefined disposed:false
348 http fetch GET 200 https://registry.npmjs.org/call-bound 23ms (cache miss)
349 silly packumentCache full:https://registry.npmjs.org/call-bound set size:undefined disposed:false
350 silly placeDep ROOT call-bound@1.0.4 OK for: side-channel-map@1.0.1 want: ^1.0.2
351 silly placeDep ROOT get-intrinsic@1.3.0 OK for: side-channel-map@1.0.1 want: ^1.2.5
352 silly fetch manifest call-bind-apply-helpers@^1.0.2
353 silly packumentCache full:https://registry.npmjs.org/call-bind-apply-helpers cache-miss
354 silly fetch manifest get-intrinsic@^1.3.0
355 silly packumentCache full:https://registry.npmjs.org/get-intrinsic cache-miss
356 silly fetch manifest gopd@^1.2.0
357 silly packumentCache full:https://registry.npmjs.org/gopd cache-miss
358 silly fetch manifest hasown@^2.0.2
359 silly packumentCache full:https://registry.npmjs.org/hasown cache-miss
360 silly fetch manifest get-proto@^1.0.1
361 silly packumentCache full:https://registry.npmjs.org/get-proto cache-miss
362 silly fetch manifest has-symbols@^1.1.0
363 silly packumentCache full:https://registry.npmjs.org/has-symbols cache-miss
364 silly fetch manifest function-bind@^1.1.2
365 silly packumentCache full:https://registry.npmjs.org/function-bind cache-miss
366 silly fetch manifest es-object-atoms@^1.1.1
367 silly packumentCache full:https://registry.npmjs.org/es-object-atoms cache-miss
368 silly fetch manifest math-intrinsics@^1.1.0
369 silly packumentCache full:https://registry.npmjs.org/math-intrinsics cache-miss
370 silly fetch manifest es-define-property@^1.0.1
371 silly packumentCache full:https://registry.npmjs.org/es-define-property cache-miss
372 silly fetch manifest call-bind-apply-helpers@^1.0.2
373 silly packumentCache full:https://registry.npmjs.org/call-bind-apply-helpers cache-miss
374 http cache https://registry.npmjs.org/get-intrinsic 3ms (cache hit)
375 silly packumentCache full:https://registry.npmjs.org/get-intrinsic set size:60985 disposed:false
376 http fetch GET 200 https://registry.npmjs.org/math-intrinsics 21ms (cache miss)
377 silly packumentCache full:https://registry.npmjs.org/math-intrinsics set size:undefined disposed:false
378 http fetch GET 200 https://registry.npmjs.org/hasown 21ms (cache miss)
379 silly packumentCache full:https://registry.npmjs.org/hasown set size:undefined disposed:false
380 http fetch GET 200 https://registry.npmjs.org/get-proto 22ms (cache miss)
381 silly packumentCache full:https://registry.npmjs.org/get-proto set size:undefined disposed:false
382 http fetch GET 200 https://registry.npmjs.org/call-bind-apply-helpers 22ms (cache miss)
383 silly packumentCache full:https://registry.npmjs.org/call-bind-apply-helpers set size:undefined disposed:false
384 http fetch GET 200 https://registry.npmjs.org/has-symbols 23ms (cache miss)
385 silly packumentCache full:https://registry.npmjs.org/has-symbols set size:undefined disposed:false
386 http fetch GET 200 https://registry.npmjs.org/call-bind-apply-helpers 25ms (cache miss)
387 silly packumentCache full:https://registry.npmjs.org/call-bind-apply-helpers set size:undefined disposed:false
388 http fetch GET 200 https://registry.npmjs.org/gopd 26ms (cache miss)
389 silly packumentCache full:https://registry.npmjs.org/gopd set size:undefined disposed:false
390 http fetch GET 200 https://registry.npmjs.org/es-define-property 26ms (cache miss)
391 silly packumentCache full:https://registry.npmjs.org/es-define-property set size:undefined disposed:false
392 http fetch GET 200 https://registry.npmjs.org/es-object-atoms 29ms (cache miss)
393 silly packumentCache full:https://registry.npmjs.org/es-object-atoms set size:undefined disposed:false
394 http fetch GET 200 https://registry.npmjs.org/function-bind 29ms (cache miss)
395 silly packumentCache full:https://registry.npmjs.org/function-bind set size:undefined disposed:false
396 silly placeDep ROOT call-bind-apply-helpers@1.0.2 OK for: call-bound@1.0.4 want: ^1.0.2
397 silly placeDep ROOT function-bind@1.1.2 OK for: call-bind-apply-helpers@1.0.2 want: ^1.1.2
398 silly placeDep ROOT es-define-property@1.0.1 OK for: get-intrinsic@1.3.0 want: ^1.0.1
399 silly placeDep ROOT es-object-atoms@1.1.1 OK for: get-intrinsic@1.3.0 want: ^1.1.1
400 silly placeDep ROOT get-proto@1.0.1 OK for: get-intrinsic@1.3.0 want: ^1.0.1
401 silly placeDep ROOT gopd@1.2.0 OK for: get-intrinsic@1.3.0 want: ^1.2.0
402 silly placeDep ROOT has-symbols@1.1.0 OK for: get-intrinsic@1.3.0 want: ^1.1.0
403 silly placeDep ROOT hasown@2.0.2 OK for: get-intrinsic@1.3.0 want: ^2.0.2
404 silly placeDep ROOT math-intrinsics@1.1.0 OK for: get-intrinsic@1.3.0 want: ^1.1.0
405 silly fetch manifest dunder-proto@^1.0.1
406 silly packumentCache full:https://registry.npmjs.org/dunder-proto cache-miss
407 http fetch GET 200 https://registry.npmjs.org/dunder-proto 20ms (cache miss)
408 silly packumentCache full:https://registry.npmjs.org/dunder-proto set size:undefined disposed:false
409 silly placeDep ROOT dunder-proto@1.0.1 OK for: get-proto@1.0.1 want: ^1.0.1
410 silly placeDep node_modules/socket.io accepts@1.3.8 OK for: socket.io@4.8.3 want: ~1.3.4
411 silly placeDep ROOT base64id@2.0.0 OK for: socket.io@4.8.3 want: ~2.0.0
412 silly placeDep ROOT engine.io@6.6.5 OK for: socket.io@4.8.3 want: ~6.6.0
413 silly placeDep ROOT socket.io-adapter@2.5.6 OK for: socket.io@4.8.3 want: ~2.5.2
414 silly placeDep ROOT socket.io-parser@4.2.5 OK for: socket.io@4.8.3 want: ~4.2.4
415 silly fetch manifest mime-types@~2.1.34
416 silly packumentCache full:https://registry.npmjs.org/mime-types cache-miss
417 silly fetch manifest negotiator@0.6.3
418 silly packumentCache full:https://registry.npmjs.org/negotiator cache-miss
419 silly fetch manifest @types/cors@^2.8.12
420 silly packumentCache full:https://registry.npmjs.org/@types%2fcors cache-miss
421 silly fetch manifest @types/node@>=10.0.0
422 silly packumentCache full:https://registry.npmjs.org/@types%2fnode cache-miss
423 silly fetch manifest engine.io-parser@~5.2.1
424 silly packumentCache full:https://registry.npmjs.org/engine.io-parser cache-miss
425 silly fetch manifest ws@~8.18.3
426 silly packumentCache full:https://registry.npmjs.org/ws cache-miss
427 silly fetch manifest ws@~8.18.3
428 silly packumentCache full:https://registry.npmjs.org/ws cache-miss
429 silly fetch manifest @socket.io/component-emitter@~3.1.0
430 silly packumentCache full:https://registry.npmjs.org/@socket.io%2fcomponent-emitter cache-miss
431 http cache https://registry.npmjs.org/negotiator 3ms (cache hit)
432 silly packumentCache full:https://registry.npmjs.org/negotiator set size:48046 disposed:false
433 http cache https://registry.npmjs.org/mime-types 3ms (cache hit)
434 silly packumentCache full:https://registry.npmjs.org/mime-types set size:139110 disposed:false
435 http fetch GET 200 https://registry.npmjs.org/ws 25ms (cache miss)
436 silly packumentCache full:https://registry.npmjs.org/ws set size:undefined disposed:false
437 http fetch GET 200 https://registry.npmjs.org/ws 28ms (cache miss)
438 silly packumentCache full:https://registry.npmjs.org/ws set size:undefined disposed:false
439 http fetch GET 200 https://registry.npmjs.org/engine.io-parser 30ms (cache miss)
440 silly packumentCache full:https://registry.npmjs.org/engine.io-parser set size:undefined disposed:false
441 http fetch GET 200 https://registry.npmjs.org/@types%2fcors 31ms (cache miss)
442 silly packumentCache full:https://registry.npmjs.org/@types%2fcors set size:undefined disposed:false
443 http fetch GET 200 https://registry.npmjs.org/@socket.io%2fcomponent-emitter 38ms (cache miss)
444 silly packumentCache full:https://registry.npmjs.org/@socket.io%2fcomponent-emitter set size:undefined disposed:false
445 http fetch GET 200 https://registry.npmjs.org/@types%2fnode 116ms (cache miss)
446 silly packumentCache full:https://registry.npmjs.org/@types%2fnode set size:undefined disposed:false
447 silly fetch manifest bufferutil@^4.0.1
448 silly packumentCache full:https://registry.npmjs.org/bufferutil cache-miss
449 http fetch GET 200 https://registry.npmjs.org/bufferutil 21ms (cache miss)
450 silly packumentCache full:https://registry.npmjs.org/bufferutil set size:undefined disposed:false
451 silly fetch manifest utf-8-validate@>=5.0.2
452 silly packumentCache full:https://registry.npmjs.org/utf-8-validate cache-miss
453 http fetch GET 200 https://registry.npmjs.org/utf-8-validate 23ms (cache miss)
454 silly packumentCache full:https://registry.npmjs.org/utf-8-validate set size:undefined disposed:false
455 silly placeDep ROOT @types/cors@2.8.19 OK for: engine.io@6.6.5 want: ^2.8.12
456 silly placeDep ROOT @types/node@25.3.5 OK for: engine.io@6.6.5 want: >=10.0.0
457 silly placeDep node_modules/engine.io accepts@1.3.8 OK for: engine.io@6.6.5 want: ~1.3.4
458 silly placeDep ROOT engine.io-parser@5.2.3 OK for: engine.io@6.6.5 want: ~5.2.1
459 silly placeDep ROOT ws@8.18.3 OK for: engine.io@6.6.5 want: ~8.18.3
460 silly fetch manifest @types/node@*
461 silly packumentCache full:https://registry.npmjs.org/@types%2fnode cache-miss
462 silly fetch manifest undici-types@~7.18.0
463 silly packumentCache full:https://registry.npmjs.org/undici-types cache-miss
464 http cache https://registry.npmjs.org/@types%2fnode 9ms (cache hit)
465 silly packumentCache full:https://registry.npmjs.org/@types%2fnode set size:10932649 disposed:false
466 http fetch GET 200 https://registry.npmjs.org/undici-types 35ms (cache miss)
467 silly packumentCache full:https://registry.npmjs.org/undici-types set size:undefined disposed:false
468 silly placeDep ROOT undici-types@7.18.2 OK for: @types/node@25.3.5 want: ~7.18.0
469 silly placeDep ROOT @socket.io/component-emitter@3.1.2 OK for: socket.io-parser@4.2.5 want: ~3.1.0
470 silly placeDep ROOT media-typer@1.1.0 OK for: type-is@2.0.1 want: ^1.1.0
471 silly placeDep node_modules/engine.io mime-types@2.1.35 OK for: accepts@1.3.8 want: ~2.1.34
472 silly placeDep node_modules/engine.io negotiator@0.6.3 OK for: accepts@1.3.8 want: 0.6.3
473 silly fetch manifest mime-db@1.52.0
474 silly packumentCache full:https://registry.npmjs.org/mime-db cache-miss
475 http cache https://registry.npmjs.org/mime-db 3ms (cache hit)
476 silly packumentCache full:https://registry.npmjs.org/mime-db set size:164953 disposed:false
477 silly placeDep node_modules/engine.io mime-db@1.52.0 OK for: mime-types@2.1.35 want: 1.52.0
478 silly placeDep node_modules/socket.io mime-types@2.1.35 OK for: accepts@1.3.8 want: ~2.1.34
479 silly placeDep node_modules/socket.io negotiator@0.6.3 OK for: accepts@1.3.8 want: 0.6.3
480 silly placeDep node_modules/socket.io mime-db@1.52.0 OK for: mime-types@2.1.35 want: 1.52.0
481 silly reify moves {}
482 silly audit bulk request {
482 silly audit   cors: [ '2.8.6' ],
482 silly audit   express: [ '5.2.1' ],
482 silly audit   'socket.io': [ '4.8.3' ],
482 silly audit   'object-assign': [ '4.1.1' ],
482 silly audit   vary: [ '1.1.2' ],
482 silly audit   accepts: [ '2.0.0', '1.3.8' ],
482 silly audit   'body-parser': [ '2.2.2' ],
482 silly audit   'content-disposition': [ '1.0.1' ],
482 silly audit   'content-type': [ '1.0.5' ],
482 silly audit   cookie: [ '0.7.2' ],
482 silly audit   'cookie-signature': [ '1.2.2' ],
482 silly audit   debug: [ '4.4.3' ],
482 silly audit   depd: [ '2.0.0' ],
482 silly audit   encodeurl: [ '2.0.0' ],
482 silly audit   'escape-html': [ '1.0.3' ],
482 silly audit   etag: [ '1.8.1' ],
482 silly audit   finalhandler: [ '2.1.1' ],
482 silly audit   fresh: [ '2.0.0' ],
482 silly audit   'http-errors': [ '2.0.1' ],
482 silly audit   'merge-descriptors': [ '2.0.0' ],
482 silly audit   'mime-types': [ '3.0.2', '2.1.35' ],
482 silly audit   'on-finished': [ '2.4.1' ],
482 silly audit   once: [ '1.4.0' ],
482 silly audit   parseurl: [ '1.3.3' ],
482 silly audit   'proxy-addr': [ '2.0.7' ],
482 silly audit   qs: [ '6.15.0' ],
482 silly audit   'range-parser': [ '1.2.1' ],
482 silly audit   router: [ '2.2.0' ],
482 silly audit   send: [ '1.2.1' ],
482 silly audit   'serve-static': [ '2.2.1' ],
482 silly audit   statuses: [ '2.0.2' ],
482 silly audit   'type-is': [ '2.0.1' ],
482 silly audit   negotiator: [ '1.0.0', '0.6.3' ],
482 silly audit   bytes: [ '3.1.2' ],
482 silly audit   'iconv-lite': [ '0.7.2' ],
482 silly audit   'raw-body': [ '3.0.2' ],
482 silly audit   ms: [ '2.1.3' ],
482 silly audit   inherits: [ '2.0.4' ],
482 silly audit   setprototypeof: [ '1.2.0' ],
482 silly audit   toidentifier: [ '1.0.1' ],
482 silly audit   'safer-buffer': [ '2.1.2' ],
482 silly audit   'mime-db': [ '1.54.0', '1.52.0' ],
482 silly audit   'ee-first': [ '1.1.1' ],
482 silly audit   wrappy: [ '1.0.2' ],
482 silly audit   forwarded: [ '0.2.0' ],
482 silly audit   'ipaddr.js': [ '1.9.1' ],
482 silly audit   'side-channel': [ '1.1.0' ],
482 silly audit   unpipe: [ '1.0.0' ],
482 silly audit   'is-promise': [ '4.0.0' ],
482 silly audit   'path-to-regexp': [ '8.3.0' ],
482 silly audit   'es-errors': [ '1.3.0' ],
482 silly audit   'object-inspect': [ '1.13.4' ],
482 silly audit   'side-channel-list': [ '1.0.0' ],
482 silly audit   'side-channel-map': [ '1.0.1' ],
482 silly audit   'side-channel-weakmap': [ '1.0.2' ],
482 silly audit   'call-bound': [ '1.0.4' ],
482 silly audit   'get-intrinsic': [ '1.3.0' ],
482 silly audit   'call-bind-apply-helpers': [ '1.0.2' ],
482 silly audit   'function-bind': [ '1.1.2' ],
482 silly audit   'es-define-property': [ '1.0.1' ],
482 silly audit   'es-object-atoms': [ '1.1.1' ],
482 silly audit   'get-proto': [ '1.0.1' ],
482 silly audit   gopd: [ '1.2.0' ],
482 silly audit   'has-symbols': [ '1.1.0' ],
482 silly audit   hasown: [ '2.0.2' ],
482 silly audit   'math-intrinsics': [ '1.1.0' ],
482 silly audit   'dunder-proto': [ '1.0.1' ],
482 silly audit   base64id: [ '2.0.0' ],
482 silly audit   'engine.io': [ '6.6.5' ],
482 silly audit   'socket.io-adapter': [ '2.5.6' ],
482 silly audit   'socket.io-parser': [ '4.2.5' ],
482 silly audit   '@types/cors': [ '2.8.19' ],
482 silly audit   '@types/node': [ '25.3.5' ],
482 silly audit   'engine.io-parser': [ '5.2.3' ],
482 silly audit   ws: [ '8.18.3' ],
482 silly audit   'undici-types': [ '7.18.2' ],
482 silly audit   '@socket.io/component-emitter': [ '3.1.2' ],
482 silly audit   'media-typer': [ '1.1.0' ]
482 silly audit }
483 http cache @socket.io/component-emitter@https://registry.npmjs.org/@socket.io/component-emitter/-/component-emitter-3.1.2.tgz 0ms (cache hit)
484 http cache media-typer@https://registry.npmjs.org/media-typer/-/media-typer-1.1.0.tgz 0ms (cache hit)
485 http cache undici-types@https://registry.npmjs.org/undici-types/-/undici-types-7.18.2.tgz 0ms (cache hit)
486 http cache @types/node@https://registry.npmjs.org/@types/node/-/node-25.3.5.tgz 0ms (cache hit)
487 http cache socket.io-parser@https://registry.npmjs.org/socket.io-parser/-/socket.io-parser-4.2.5.tgz 0ms (cache hit)
488 http cache ws@https://registry.npmjs.org/ws/-/ws-8.18.3.tgz 0ms (cache hit)
489 http cache @types/cors@https://registry.npmjs.org/@types/cors/-/cors-2.8.19.tgz 0ms (cache hit)
490 http cache engine.io-parser@https://registry.npmjs.org/engine.io-parser/-/engine.io-parser-5.2.3.tgz 0ms (cache hit)
491 http cache base64id@https://registry.npmjs.org/base64id/-/base64id-2.0.0.tgz 0ms (cache hit)
492 http cache engine.io@https://registry.npmjs.org/engine.io/-/engine.io-6.6.5.tgz 0ms (cache hit)
493 http cache math-intrinsics@https://registry.npmjs.org/math-intrinsics/-/math-intrinsics-1.1.0.tgz 0ms (cache hit)
494 http cache hasown@https://registry.npmjs.org/hasown/-/hasown-2.0.2.tgz 0ms (cache hit)
495 http cache socket.io-adapter@https://registry.npmjs.org/socket.io-adapter/-/socket.io-adapter-2.5.6.tgz 0ms (cache hit)
496 http cache has-symbols@https://registry.npmjs.org/has-symbols/-/has-symbols-1.1.0.tgz 0ms (cache hit)
497 http cache dunder-proto@https://registry.npmjs.org/dunder-proto/-/dunder-proto-1.0.1.tgz 0ms (cache hit)
498 http cache es-define-property@https://registry.npmjs.org/es-define-property/-/es-define-property-1.0.1.tgz 0ms (cache hit)
499 http cache gopd@https://registry.npmjs.org/gopd/-/gopd-1.2.0.tgz 0ms (cache hit)
500 http cache get-proto@https://registry.npmjs.org/get-proto/-/get-proto-1.0.1.tgz 0ms (cache hit)
501 http cache call-bind-apply-helpers@https://registry.npmjs.org/call-bind-apply-helpers/-/call-bind-apply-helpers-1.0.2.tgz 0ms (cache hit)
502 http cache call-bound@https://registry.npmjs.org/call-bound/-/call-bound-1.0.4.tgz 0ms (cache hit)
503 http cache get-intrinsic@https://registry.npmjs.org/get-intrinsic/-/get-intrinsic-1.3.0.tgz 0ms (cache hit)
504 http cache es-object-atoms@https://registry.npmjs.org/es-object-atoms/-/es-object-atoms-1.1.1.tgz 0ms (cache hit)
505 http cache function-bind@https://registry.npmjs.org/function-bind/-/function-bind-1.1.2.tgz 0ms (cache hit)
506 http cache side-channel-weakmap@https://registry.npmjs.org/side-channel-weakmap/-/side-channel-weakmap-1.0.2.tgz 0ms (cache hit)
507 http cache object-inspect@https://registry.npmjs.org/object-inspect/-/object-inspect-1.13.4.tgz 0ms (cache hit)
508 http cache side-channel-map@https://registry.npmjs.org/side-channel-map/-/side-channel-map-1.0.1.tgz 0ms (cache hit)
509 http cache es-errors@https://registry.npmjs.org/es-errors/-/es-errors-1.3.0.tgz 0ms (cache hit)
510 http cache is-promise@https://registry.npmjs.org/is-promise/-/is-promise-4.0.0.tgz 0ms (cache hit)
511 http cache unpipe@https://registry.npmjs.org/unpipe/-/unpipe-1.0.0.tgz 0ms (cache hit)
512 http cache path-to-regexp@https://registry.npmjs.org/path-to-regexp/-/path-to-regexp-8.3.0.tgz 0ms (cache hit)
513 http cache side-channel-list@https://registry.npmjs.org/side-channel-list/-/side-channel-list-1.0.0.tgz 0ms (cache hit)
514 http cache side-channel@https://registry.npmjs.org/side-channel/-/side-channel-1.1.0.tgz 0ms (cache hit)
515 http cache forwarded@https://registry.npmjs.org/forwarded/-/forwarded-0.2.0.tgz 0ms (cache hit)
516 http cache wrappy@https://registry.npmjs.org/wrappy/-/wrappy-1.0.2.tgz 0ms (cache hit)
517 http cache ipaddr.js@https://registry.npmjs.org/ipaddr.js/-/ipaddr.js-1.9.1.tgz 0ms (cache hit)
518 http cache ee-first@https://registry.npmjs.org/ee-first/-/ee-first-1.1.1.tgz 0ms (cache hit)
519 http cache mime-db@https://registry.npmjs.org/mime-db/-/mime-db-1.54.0.tgz 0ms (cache hit)
520 http cache toidentifier@https://registry.npmjs.org/toidentifier/-/toidentifier-1.0.1.tgz 0ms (cache hit)
521 http cache setprototypeof@https://registry.npmjs.org/setprototypeof/-/setprototypeof-1.2.0.tgz 0ms (cache hit)
522 http cache safer-buffer@https://registry.npmjs.org/safer-buffer/-/safer-buffer-2.1.2.tgz 0ms (cache hit)
523 http cache ms@https://registry.npmjs.org/ms/-/ms-2.1.3.tgz 0ms (cache hit)
524 http cache inherits@https://registry.npmjs.org/inherits/-/inherits-2.0.4.tgz 0ms (cache hit)
525 http cache type-is@https://registry.npmjs.org/type-is/-/type-is-2.0.1.tgz 0ms (cache hit)
526 http cache iconv-lite@https://registry.npmjs.org/iconv-lite/-/iconv-lite-0.7.2.tgz 0ms (cache hit)
527 http cache bytes@https://registry.npmjs.org/bytes/-/bytes-3.1.2.tgz 0ms (cache hit)
528 http cache negotiator@https://registry.npmjs.org/negotiator/-/negotiator-1.0.0.tgz 0ms (cache hit)
529 http cache serve-static@https://registry.npmjs.org/serve-static/-/serve-static-2.2.1.tgz 0ms (cache hit)
530 http cache raw-body@https://registry.npmjs.org/raw-body/-/raw-body-3.0.2.tgz 0ms (cache hit)
531 http cache statuses@https://registry.npmjs.org/statuses/-/statuses-2.0.2.tgz 0ms (cache hit)
532 http cache router@https://registry.npmjs.org/router/-/router-2.2.0.tgz 0ms (cache hit)
533 http cache qs@https://registry.npmjs.org/qs/-/qs-6.15.0.tgz 0ms (cache hit)
534 http cache send@https://registry.npmjs.org/send/-/send-1.2.1.tgz 0ms (cache hit)
535 http cache range-parser@https://registry.npmjs.org/range-parser/-/range-parser-1.2.1.tgz 0ms (cache hit)
536 http cache proxy-addr@https://registry.npmjs.org/proxy-addr/-/proxy-addr-2.0.7.tgz 0ms (cache hit)
537 http cache parseurl@https://registry.npmjs.org/parseurl/-/parseurl-1.3.3.tgz 0ms (cache hit)
538 http cache on-finished@https://registry.npmjs.org/on-finished/-/on-finished-2.4.1.tgz 0ms (cache hit)
539 http cache http-errors@https://registry.npmjs.org/http-errors/-/http-errors-2.0.1.tgz 0ms (cache hit)
540 http cache once@https://registry.npmjs.org/once/-/once-1.4.0.tgz 0ms (cache hit)
541 http cache mime-types@https://registry.npmjs.org/mime-types/-/mime-types-3.0.2.tgz 0ms (cache hit)
542 http cache fresh@https://registry.npmjs.org/fresh/-/fresh-2.0.0.tgz 0ms (cache hit)
543 http cache finalhandler@https://registry.npmjs.org/finalhandler/-/finalhandler-2.1.1.tgz 0ms (cache hit)
544 http cache encodeurl@https://registry.npmjs.org/encodeurl/-/encodeurl-2.0.0.tgz 0ms (cache hit)
545 http cache depd@https://registry.npmjs.org/depd/-/depd-2.0.0.tgz 0ms (cache hit)
546 http cache merge-descriptors@https://registry.npmjs.org/merge-descriptors/-/merge-descriptors-2.0.0.tgz 0ms (cache hit)
547 http cache escape-html@https://registry.npmjs.org/escape-html/-/escape-html-1.0.3.tgz 0ms (cache hit)
548 http cache etag@https://registry.npmjs.org/etag/-/etag-1.8.1.tgz 0ms (cache hit)
549 http cache cookie-signature@https://registry.npmjs.org/cookie-signature/-/cookie-signature-1.2.2.tgz 0ms (cache hit)
550 http cache cookie@https://registry.npmjs.org/cookie/-/cookie-0.7.2.tgz 0ms (cache hit)
551 http cache debug@https://registry.npmjs.org/debug/-/debug-4.4.3.tgz 0ms (cache hit)
552 http cache content-type@https://registry.npmjs.org/content-type/-/content-type-1.0.5.tgz 0ms (cache hit)
553 http cache accepts@https://registry.npmjs.org/accepts/-/accepts-2.0.0.tgz 0ms (cache hit)
554 http cache object-assign@https://registry.npmjs.org/object-assign/-/object-assign-4.1.1.tgz 0ms (cache hit)
555 http cache body-parser@https://registry.npmjs.org/body-parser/-/body-parser-2.2.2.tgz 0ms (cache hit)
556 http cache vary@https://registry.npmjs.org/vary/-/vary-1.1.2.tgz 0ms (cache hit)
557 http cache content-disposition@https://registry.npmjs.org/content-disposition/-/content-disposition-1.0.1.tgz 0ms (cache hit)
558 http cache socket.io@https://registry.npmjs.org/socket.io/-/socket.io-4.8.3.tgz 0ms (cache hit)
559 http cache cors@https://registry.npmjs.org/cors/-/cors-2.8.6.tgz 0ms (cache hit)
560 http cache mime-db@https://registry.npmjs.org/mime-db/-/mime-db-1.52.0.tgz 0ms (cache hit)
561 http cache mime-types@https://registry.npmjs.org/mime-types/-/mime-types-2.1.35.tgz 0ms (cache hit)
562 http cache negotiator@https://registry.npmjs.org/negotiator/-/negotiator-0.6.3.tgz 0ms (cache hit)
563 http cache accepts@https://registry.npmjs.org/accepts/-/accepts-1.3.8.tgz 0ms (cache hit)
564 http cache negotiator@https://registry.npmjs.org/negotiator/-/negotiator-0.6.3.tgz 0ms (cache hit)
565 http cache express@https://registry.npmjs.org/express/-/express-5.2.1.tgz 0ms (cache hit)
566 silly tarball no local data for @socket.io/component-emitter@https://registry.npmjs.org/@socket.io/component-emitter/-/component-emitter-3.1.2.tgz. Extracting by manifest.
567 silly tarball no local data for media-typer@https://registry.npmjs.org/media-typer/-/media-typer-1.1.0.tgz. Extracting by manifest.
568 silly tarball no local data for undici-types@https://registry.npmjs.org/undici-types/-/undici-types-7.18.2.tgz. Extracting by manifest.
569 silly tarball no local data for @types/node@https://registry.npmjs.org/@types/node/-/node-25.3.5.tgz. Extracting by manifest.
570 silly tarball no local data for socket.io-parser@https://registry.npmjs.org/socket.io-parser/-/socket.io-parser-4.2.5.tgz. Extracting by manifest.
571 silly tarball no local data for ws@https://registry.npmjs.org/ws/-/ws-8.18.3.tgz. Extracting by manifest.
572 silly tarball no local data for @types/cors@https://registry.npmjs.org/@types/cors/-/cors-2.8.19.tgz. Extracting by manifest.
573 silly tarball no local data for engine.io-parser@https://registry.npmjs.org/engine.io-parser/-/engine.io-parser-5.2.3.tgz. Extracting by manifest.
574 silly tarball no local data for base64id@https://registry.npmjs.org/base64id/-/base64id-2.0.0.tgz. Extracting by manifest.
575 silly tarball no local data for engine.io@https://registry.npmjs.org/engine.io/-/engine.io-6.6.5.tgz. Extracting by manifest.
576 silly tarball no local data for math-intrinsics@https://registry.npmjs.org/math-intrinsics/-/math-intrinsics-1.1.0.tgz. Extracting by manifest.
577 silly tarball no local data for hasown@https://registry.npmjs.org/hasown/-/hasown-2.0.2.tgz. Extracting by manifest.
578 silly tarball no local data for socket.io-adapter@https://registry.npmjs.org/socket.io-adapter/-/socket.io-adapter-2.5.6.tgz. Extracting by manifest.
579 silly tarball no local data for has-symbols@https://registry.npmjs.org/has-symbols/-/has-symbols-1.1.0.tgz. Extracting by manifest.
580 silly tarball no local data for dunder-proto@https://registry.npmjs.org/dunder-proto/-/dunder-proto-1.0.1.tgz. Extracting by manifest.
581 silly tarball no local data for es-define-property@https://registry.npmjs.org/es-define-property/-/es-define-property-1.0.1.tgz. Extracting by manifest.
582 silly tarball no local data for gopd@https://registry.npmjs.org/gopd/-/gopd-1.2.0.tgz. Extracting by manifest.
583 silly tarball no local data for get-proto@https://registry.npmjs.org/get-proto/-/get-proto-1.0.1.tgz. Extracting by manifest.
584 silly tarball no local data for call-bind-apply-helpers@https://registry.npmjs.org/call-bind-apply-helpers/-/call-bind-apply-helpers-1.0.2.tgz. Extracting by manifest.
585 silly tarball no local data for call-bound@https://registry.npmjs.org/call-bound/-/call-bound-1.0.4.tgz. Extracting by manifest.
586 silly tarball no local data for get-intrinsic@https://registry.npmjs.org/get-intrinsic/-/get-intrinsic-1.3.0.tgz. Extracting by manifest.
587 silly tarball no local data for es-object-atoms@https://registry.npmjs.org/es-object-atoms/-/es-object-atoms-1.1.1.tgz. Extracting by manifest.
588 silly tarball no local data for function-bind@https://registry.npmjs.org/function-bind/-/function-bind-1.1.2.tgz. Extracting by manifest.
589 silly tarball no local data for side-channel-weakmap@https://registry.npmjs.org/side-channel-weakmap/-/side-channel-weakmap-1.0.2.tgz. Extracting by manifest.
590 silly tarball no local data for object-inspect@https://registry.npmjs.org/object-inspect/-/object-inspect-1.13.4.tgz. Extracting by manifest.
591 silly tarball no local data for side-channel-map@https://registry.npmjs.org/side-channel-map/-/side-channel-map-1.0.1.tgz. Extracting by manifest.
592 silly tarball no local data for es-errors@https://registry.npmjs.org/es-errors/-/es-errors-1.3.0.tgz. Extracting by manifest.
593 silly tarball no local data for is-promise@https://registry.npmjs.org/is-promise/-/is-promise-4.0.0.tgz. Extracting by manifest.
594 silly tarball no local data for unpipe@https://registry.npmjs.org/unpipe/-/unpipe-1.0.0.tgz. Extracting by manifest.
595 silly tarball no local data for path-to-regexp@https://registry.npmjs.org/path-to-regexp/-/path-to-regexp-8.3.0.tgz. Extracting by manifest.
596 silly tarball no local data for side-channel-list@https://registry.npmjs.org/side-channel-list/-/side-channel-list-1.0.0.tgz. Extracting by manifest.
597 silly tarball no local data for side-channel@https://registry.npmjs.org/side-channel/-/side-channel-1.1.0.tgz. Extracting by manifest.
598 silly tarball no local data for forwarded@https://registry.npmjs.org/forwarded/-/forwarded-0.2.0.tgz. Extracting by manifest.
599 silly tarball no local data for wrappy@https://registry.npmjs.org/wrappy/-/wrappy-1.0.2.tgz. Extracting by manifest.
600 silly tarball no local data for ipaddr.js@https://registry.npmjs.org/ipaddr.js/-/ipaddr.js-1.9.1.tgz. Extracting by manifest.
601 silly tarball no local data for ee-first@https://registry.npmjs.org/ee-first/-/ee-first-1.1.1.tgz. Extracting by manifest.
602 silly tarball no local data for mime-db@https://registry.npmjs.org/mime-db/-/mime-db-1.54.0.tgz. Extracting by manifest.
603 silly tarball no local data for toidentifier@https://registry.npmjs.org/toidentifier/-/toidentifier-1.0.1.tgz. Extracting by manifest.
604 http cache mime-types@https://registry.npmjs.org/mime-types/-/mime-types-2.1.35.tgz 0ms (cache hit)
605 silly tarball no local data for setprototypeof@https://registry.npmjs.org/setprototypeof/-/setprototypeof-1.2.0.tgz. Extracting by manifest.
606 silly tarball no local data for safer-buffer@https://registry.npmjs.org/safer-buffer/-/safer-buffer-2.1.2.tgz. Extracting by manifest.
607 http cache mime-db@https://registry.npmjs.org/mime-db/-/mime-db-1.52.0.tgz 0ms (cache hit)
608 http cache accepts@https://registry.npmjs.org/accepts/-/accepts-1.3.8.tgz 0ms (cache hit)
609 silly tarball no local data for ms@https://registry.npmjs.org/ms/-/ms-2.1.3.tgz. Extracting by manifest.
610 silly tarball no local data for inherits@https://registry.npmjs.org/inherits/-/inherits-2.0.4.tgz. Extracting by manifest.
611 silly tarball no local data for type-is@https://registry.npmjs.org/type-is/-/type-is-2.0.1.tgz. Extracting by manifest.
612 silly tarball no local data for iconv-lite@https://registry.npmjs.org/iconv-lite/-/iconv-lite-0.7.2.tgz. Extracting by manifest.
613 silly tarball no local data for bytes@https://registry.npmjs.org/bytes/-/bytes-3.1.2.tgz. Extracting by manifest.
614 silly tarball no local data for negotiator@https://registry.npmjs.org/negotiator/-/negotiator-1.0.0.tgz. Extracting by manifest.
615 silly tarball no local data for serve-static@https://registry.npmjs.org/serve-static/-/serve-static-2.2.1.tgz. Extracting by manifest.
616 silly tarball no local data for raw-body@https://registry.npmjs.org/raw-body/-/raw-body-3.0.2.tgz. Extracting by manifest.
617 silly tarball no local data for statuses@https://registry.npmjs.org/statuses/-/statuses-2.0.2.tgz. Extracting by manifest.
618 silly tarball no local data for router@https://registry.npmjs.org/router/-/router-2.2.0.tgz. Extracting by manifest.
619 silly tarball no local data for qs@https://registry.npmjs.org/qs/-/qs-6.15.0.tgz. Extracting by manifest.
620 silly tarball no local data for send@https://registry.npmjs.org/send/-/send-1.2.1.tgz. Extracting by manifest.
621 silly tarball no local data for range-parser@https://registry.npmjs.org/range-parser/-/range-parser-1.2.1.tgz. Extracting by manifest.
622 silly tarball no local data for proxy-addr@https://registry.npmjs.org/proxy-addr/-/proxy-addr-2.0.7.tgz. Extracting by manifest.
623 silly tarball no local data for parseurl@https://registry.npmjs.org/parseurl/-/parseurl-1.3.3.tgz. Extracting by manifest.
624 silly tarball no local data for on-finished@https://registry.npmjs.org/on-finished/-/on-finished-2.4.1.tgz. Extracting by manifest.
625 silly tarball no local data for http-errors@https://registry.npmjs.org/http-errors/-/http-errors-2.0.1.tgz. Extracting by manifest.
626 silly tarball no local data for once@https://registry.npmjs.org/once/-/once-1.4.0.tgz. Extracting by manifest.
627 silly tarball no local data for mime-types@https://registry.npmjs.org/mime-types/-/mime-types-3.0.2.tgz. Extracting by manifest.
628 silly tarball no local data for fresh@https://registry.npmjs.org/fresh/-/fresh-2.0.0.tgz. Extracting by manifest.
629 silly tarball no local data for finalhandler@https://registry.npmjs.org/finalhandler/-/finalhandler-2.1.1.tgz. Extracting by manifest.
630 silly tarball no local data for encodeurl@https://registry.npmjs.org/encodeurl/-/encodeurl-2.0.0.tgz. Extracting by manifest.
631 silly tarball no local data for depd@https://registry.npmjs.org/depd/-/depd-2.0.0.tgz. Extracting by manifest.
632 silly tarball no local data for merge-descriptors@https://registry.npmjs.org/merge-descriptors/-/merge-descriptors-2.0.0.tgz. Extracting by manifest.
633 silly tarball no local data for escape-html@https://registry.npmjs.org/escape-html/-/escape-html-1.0.3.tgz. Extracting by manifest.
634 silly tarball no local data for etag@https://registry.npmjs.org/etag/-/etag-1.8.1.tgz. Extracting by manifest.
635 silly tarball no local data for cookie-signature@https://registry.npmjs.org/cookie-signature/-/cookie-signature-1.2.2.tgz. Extracting by manifest.
636 silly tarball no local data for cookie@https://registry.npmjs.org/cookie/-/cookie-0.7.2.tgz. Extracting by manifest.
637 silly tarball no local data for debug@https://registry.npmjs.org/debug/-/debug-4.4.3.tgz. Extracting by manifest.
638 silly tarball no local data for content-type@https://registry.npmjs.org/content-type/-/content-type-1.0.5.tgz. Extracting by manifest.
639 silly tarball no local data for accepts@https://registry.npmjs.org/accepts/-/accepts-2.0.0.tgz. Extracting by manifest.
640 silly tarball no local data for object-assign@https://registry.npmjs.org/object-assign/-/object-assign-4.1.1.tgz. Extracting by manifest.
641 silly tarball no local data for body-parser@https://registry.npmjs.org/body-parser/-/body-parser-2.2.2.tgz. Extracting by manifest.
642 silly tarball no local data for vary@https://registry.npmjs.org/vary/-/vary-1.1.2.tgz. Extracting by manifest.
643 silly tarball no local data for content-disposition@https://registry.npmjs.org/content-disposition/-/content-disposition-1.0.1.tgz. Extracting by manifest.
644 silly tarball no local data for socket.io@https://registry.npmjs.org/socket.io/-/socket.io-4.8.3.tgz. Extracting by manifest.
645 silly tarball no local data for cors@https://registry.npmjs.org/cors/-/cors-2.8.6.tgz. Extracting by manifest.
646 silly tarball no local data for mime-db@https://registry.npmjs.org/mime-db/-/mime-db-1.52.0.tgz. Extracting by manifest.
647 silly tarball no local data for mime-types@https://registry.npmjs.org/mime-types/-/mime-types-2.1.35.tgz. Extracting by manifest.
648 silly tarball no local data for negotiator@https://registry.npmjs.org/negotiator/-/negotiator-0.6.3.tgz. Extracting by manifest.
649 silly tarball no local data for accepts@https://registry.npmjs.org/accepts/-/accepts-1.3.8.tgz. Extracting by manifest.
650 silly tarball no local data for negotiator@https://registry.npmjs.org/negotiator/-/negotiator-0.6.3.tgz. Extracting by manifest.
651 silly tarball no local data for express@https://registry.npmjs.org/express/-/express-5.2.1.tgz. Extracting by manifest.
652 silly tarball no local data for mime-types@https://registry.npmjs.org/mime-types/-/mime-types-2.1.35.tgz. Extracting by manifest.
653 silly tarball no local data for mime-db@https://registry.npmjs.org/mime-db/-/mime-db-1.52.0.tgz. Extracting by manifest.
654 silly tarball no local data for accepts@https://registry.npmjs.org/accepts/-/accepts-1.3.8.tgz. Extracting by manifest.
655 http fetch GET 200 https://registry.npmjs.org/socket.io-parser/-/socket.io-parser-4.2.5.tgz 42ms (cache miss)
656 http fetch GET 200 https://registry.npmjs.org/base64id/-/base64id-2.0.0.tgz 43ms (cache miss)
657 http fetch GET 200 https://registry.npmjs.org/media-typer/-/media-typer-1.1.0.tgz 45ms (cache miss)
658 http fetch GET 200 https://registry.npmjs.org/@socket.io/component-emitter/-/component-emitter-3.1.2.tgz 48ms (cache miss)
659 http fetch GET 200 https://registry.npmjs.org/@types/cors/-/cors-2.8.19.tgz 47ms (cache miss)
660 http fetch GET 200 https://registry.npmjs.org/hasown/-/hasown-2.0.2.tgz 50ms (cache miss)
661 http fetch GET 200 https://registry.npmjs.org/es-define-property/-/es-define-property-1.0.1.tgz 53ms (cache miss)
662 http fetch GET 200 https://registry.npmjs.org/dunder-proto/-/dunder-proto-1.0.1.tgz 55ms (cache miss)
663 http fetch GET 200 https://registry.npmjs.org/undici-types/-/undici-types-7.18.2.tgz 61ms (cache miss)
664 http fetch GET 200 https://registry.npmjs.org/ws/-/ws-8.18.3.tgz 61ms (cache miss)
665 http fetch GET 200 https://registry.npmjs.org/es-object-atoms/-/es-object-atoms-1.1.1.tgz 62ms (cache miss)
666 http fetch GET 200 https://registry.npmjs.org/gopd/-/gopd-1.2.0.tgz 65ms (cache miss)
667 http fetch GET 200 https://registry.npmjs.org/call-bind-apply-helpers/-/call-bind-apply-helpers-1.0.2.tgz 67ms (cache miss)
668 http fetch GET 200 https://registry.npmjs.org/math-intrinsics/-/math-intrinsics-1.1.0.tgz 68ms (cache miss)
669 http fetch GET 200 https://registry.npmjs.org/get-intrinsic/-/get-intrinsic-1.3.0.tgz 79ms (cache miss)
670 http fetch GET 200 https://registry.npmjs.org/get-proto/-/get-proto-1.0.1.tgz 87ms (cache miss)
671 http fetch GET 200 https://registry.npmjs.org/call-bound/-/call-bound-1.0.4.tgz 89ms (cache miss)
672 http fetch GET 200 https://registry.npmjs.org/side-channel-weakmap/-/side-channel-weakmap-1.0.2.tgz 89ms (cache miss)
673 http fetch GET 200 https://registry.npmjs.org/side-channel-map/-/side-channel-map-1.0.1.tgz 90ms (cache miss)
674 http fetch GET 200 https://registry.npmjs.org/is-promise/-/is-promise-4.0.0.tgz 90ms (cache miss)
675 http fetch GET 200 https://registry.npmjs.org/function-bind/-/function-bind-1.1.2.tgz 93ms (cache miss)
676 http fetch GET 200 https://registry.npmjs.org/side-channel-list/-/side-channel-list-1.0.0.tgz 93ms (cache miss)
677 http fetch GET 200 https://registry.npmjs.org/unpipe/-/unpipe-1.0.0.tgz 93ms (cache miss)
678 http fetch GET 200 https://registry.npmjs.org/path-to-regexp/-/path-to-regexp-8.3.0.tgz 94ms (cache miss)
679 http fetch GET 200 https://registry.npmjs.org/setprototypeof/-/setprototypeof-1.2.0.tgz 93ms (cache miss)
680 http fetch GET 200 https://registry.npmjs.org/forwarded/-/forwarded-0.2.0.tgz 94ms (cache miss)
681 http fetch GET 200 https://registry.npmjs.org/es-errors/-/es-errors-1.3.0.tgz 95ms (cache miss)
682 http fetch GET 200 https://registry.npmjs.org/wrappy/-/wrappy-1.0.2.tgz 95ms (cache miss)
683 http fetch GET 200 https://registry.npmjs.org/safer-buffer/-/safer-buffer-2.1.2.tgz 94ms (cache miss)
684 http fetch GET 200 https://registry.npmjs.org/ee-first/-/ee-first-1.1.1.tgz 94ms (cache miss)
685 http fetch GET 200 https://registry.npmjs.org/has-symbols/-/has-symbols-1.1.0.tgz 96ms (cache miss)
686 http fetch GET 200 https://registry.npmjs.org/inherits/-/inherits-2.0.4.tgz 95ms (cache miss)
687 http fetch GET 200 https://registry.npmjs.org/toidentifier/-/toidentifier-1.0.1.tgz 95ms (cache miss)
688 http fetch GET 200 https://registry.npmjs.org/ipaddr.js/-/ipaddr.js-1.9.1.tgz 95ms (cache miss)
689 http fetch GET 200 https://registry.npmjs.org/socket.io-adapter/-/socket.io-adapter-2.5.6.tgz 97ms (cache miss)
690 http fetch GET 200 https://registry.npmjs.org/mime-db/-/mime-db-1.54.0.tgz 95ms (cache miss)
691 http fetch GET 200 https://registry.npmjs.org/side-channel/-/side-channel-1.1.0.tgz 96ms (cache miss)
692 http fetch GET 200 https://registry.npmjs.org/type-is/-/type-is-2.0.1.tgz 96ms (cache miss)
693 http fetch GET 200 https://registry.npmjs.org/bytes/-/bytes-3.1.2.tgz 99ms (cache miss)
694 http fetch GET 200 https://registry.npmjs.org/engine.io/-/engine.io-6.6.5.tgz 104ms (cache miss)
695 http fetch GET 200 https://registry.npmjs.org/negotiator/-/negotiator-1.0.0.tgz 100ms (cache miss)
696 http fetch GET 200 https://registry.npmjs.org/raw-body/-/raw-body-3.0.2.tgz 100ms (cache miss)
697 http fetch GET 200 https://registry.npmjs.org/engine.io-parser/-/engine.io-parser-5.2.3.tgz 104ms (cache miss)
698 http fetch GET 200 https://registry.npmjs.org/object-inspect/-/object-inspect-1.13.4.tgz 108ms (cache miss)
699 http fetch GET 200 https://registry.npmjs.org/send/-/send-1.2.1.tgz 107ms (cache miss)
700 http fetch GET 200 https://registry.npmjs.org/serve-static/-/serve-static-2.2.1.tgz 108ms (cache miss)
701 http fetch GET 200 https://registry.npmjs.org/proxy-addr/-/proxy-addr-2.0.7.tgz 107ms (cache miss)
702 http fetch GET 200 https://registry.npmjs.org/router/-/router-2.2.0.tgz 109ms (cache miss)
703 http fetch GET 200 https://registry.npmjs.org/parseurl/-/parseurl-1.3.3.tgz 108ms (cache miss)
704 http fetch GET 200 https://registry.npmjs.org/on-finished/-/on-finished-2.4.1.tgz 112ms (cache miss)
705 http fetch GET 200 https://registry.npmjs.org/qs/-/qs-6.15.0.tgz 113ms (cache miss)
706 http fetch GET 200 https://registry.npmjs.org/statuses/-/statuses-2.0.2.tgz 114ms (cache miss)
707 http fetch GET 200 https://registry.npmjs.org/range-parser/-/range-parser-1.2.1.tgz 114ms (cache miss)
708 http fetch GET 200 https://registry.npmjs.org/mime-types/-/mime-types-3.0.2.tgz 116ms (cache miss)
709 http fetch GET 200 https://registry.npmjs.org/iconv-lite/-/iconv-lite-0.7.2.tgz 118ms (cache miss)
710 http fetch GET 200 https://registry.npmjs.org/http-errors/-/http-errors-2.0.1.tgz 118ms (cache miss)
711 http fetch GET 200 https://registry.npmjs.org/@types/node/-/node-25.3.5.tgz 124ms (cache miss)
712 http fetch GET 200 https://registry.npmjs.org/merge-descriptors/-/merge-descriptors-2.0.0.tgz 121ms (cache miss)
713 http fetch GET 200 https://registry.npmjs.org/once/-/once-1.4.0.tgz 122ms (cache miss)
714 http fetch GET 200 https://registry.npmjs.org/fresh/-/fresh-2.0.0.tgz 122ms (cache miss)
715 http fetch GET 200 https://registry.npmjs.org/encodeurl/-/encodeurl-2.0.0.tgz 121ms (cache miss)
716 http fetch GET 200 https://registry.npmjs.org/finalhandler/-/finalhandler-2.1.1.tgz 122ms (cache miss)
717 http fetch GET 200 https://registry.npmjs.org/depd/-/depd-2.0.0.tgz 124ms (cache miss)
718 http fetch GET 200 https://registry.npmjs.org/cookie-signature/-/cookie-signature-1.2.2.tgz 127ms (cache miss)
719 http fetch GET 200 https://registry.npmjs.org/etag/-/etag-1.8.1.tgz 129ms (cache miss)
720 http fetch GET 200 https://registry.npmjs.org/escape-html/-/escape-html-1.0.3.tgz 133ms (cache miss)
721 http fetch GET 200 https://registry.npmjs.org/content-type/-/content-type-1.0.5.tgz 132ms (cache miss)
722 http fetch GET 200 https://registry.npmjs.org/accepts/-/accepts-2.0.0.tgz 134ms (cache miss)
723 http fetch GET 200 https://registry.npmjs.org/cookie/-/cookie-0.7.2.tgz 136ms (cache miss)
724 http fetch GET 200 https://registry.npmjs.org/vary/-/vary-1.1.2.tgz 136ms (cache miss)
725 http fetch GET 200 https://registry.npmjs.org/object-assign/-/object-assign-4.1.1.tgz 143ms (cache miss)
726 http fetch GET 200 https://registry.npmjs.org/content-disposition/-/content-disposition-1.0.1.tgz 144ms (cache miss)
727 http fetch GET 200 https://registry.npmjs.org/ms/-/ms-2.1.3.tgz 148ms (cache miss)
728 http fetch GET 200 https://registry.npmjs.org/cors/-/cors-2.8.6.tgz 146ms (cache miss)
729 http fetch GET 200 https://registry.npmjs.org/debug/-/debug-4.4.3.tgz 146ms (cache miss)
730 http fetch GET 200 https://registry.npmjs.org/body-parser/-/body-parser-2.2.2.tgz 146ms (cache miss)
731 http fetch GET 200 https://registry.npmjs.org/accepts/-/accepts-1.3.8.tgz 145ms (cache miss)
732 http fetch GET 200 https://registry.npmjs.org/mime-db/-/mime-db-1.52.0.tgz 146ms (cache miss)
733 http fetch POST 200 https://registry.npmjs.org/-/npm/v1/security/advisories/bulk 166ms
734 silly audit report {}
735 http fetch GET 200 https://registry.npmjs.org/mime-types/-/mime-types-2.1.35.tgz 151ms (cache miss)
736 http fetch GET 200 https://registry.npmjs.org/negotiator/-/negotiator-0.6.3.tgz 152ms (cache miss)
737 http fetch GET 200 https://registry.npmjs.org/mime-types/-/mime-types-2.1.35.tgz 149ms (cache miss)
738 http fetch GET 200 https://registry.npmjs.org/negotiator/-/negotiator-0.6.3.tgz 154ms (cache miss)
739 http fetch GET 200 https://registry.npmjs.org/socket.io/-/socket.io-4.8.3.tgz 159ms (cache miss)
740 http fetch GET 200 https://registry.npmjs.org/mime-db/-/mime-db-1.52.0.tgz 154ms (cache miss)
741 http fetch GET 200 https://registry.npmjs.org/accepts/-/accepts-1.3.8.tgz 160ms (cache miss)
742 http fetch GET 200 https://registry.npmjs.org/express/-/express-5.2.1.tgz 164ms (cache miss)
743 silly ADD node_modules/media-typer
744 silly ADD node_modules/@socket.io/component-emitter
745 silly ADD node_modules/undici-types
746 silly ADD node_modules/ws
747 silly ADD node_modules/engine.io-parser
748 silly ADD node_modules/@types/node
749 silly ADD node_modules/@types/cors
750 silly ADD node_modules/socket.io-parser
751 silly ADD node_modules/socket.io-adapter
752 silly ADD node_modules/engine.io
753 silly ADD node_modules/engine.io/node_modules/mime-db
754 silly ADD node_modules/engine.io/node_modules/negotiator
755 silly ADD node_modules/engine.io/node_modules/mime-types
756 silly ADD node_modules/engine.io/node_modules/accepts
757 silly ADD node_modules/base64id
758 silly ADD node_modules/dunder-proto
759 silly ADD node_modules/math-intrinsics
760 silly ADD node_modules/hasown
761 silly ADD node_modules/has-symbols
762 silly ADD node_modules/gopd
763 silly ADD node_modules/get-proto
764 silly ADD node_modules/es-object-atoms
765 silly ADD node_modules/es-define-property
766 silly ADD node_modules/function-bind
767 silly ADD node_modules/call-bind-apply-helpers
768 silly ADD node_modules/get-intrinsic
769 silly ADD node_modules/call-bound
770 silly ADD node_modules/side-channel-weakmap
771 silly ADD node_modules/side-channel-map
772 silly ADD node_modules/side-channel-list
773 silly ADD node_modules/object-inspect
774 silly ADD node_modules/es-errors
775 silly ADD node_modules/path-to-regexp
776 silly ADD node_modules/is-promise
777 silly ADD node_modules/unpipe
778 silly ADD node_modules/side-channel
779 silly ADD node_modules/ipaddr.js
780 silly ADD node_modules/forwarded
781 silly ADD node_modules/wrappy
782 silly ADD node_modules/ee-first
783 silly ADD node_modules/mime-db
784 silly ADD node_modules/safer-buffer
785 silly ADD node_modules/toidentifier
786 silly ADD node_modules/setprototypeof
787 silly ADD node_modules/inherits
788 silly ADD node_modules/ms
789 silly ADD node_modules/raw-body
790 silly ADD node_modules/iconv-lite
791 silly ADD node_modules/bytes
792 silly ADD node_modules/negotiator
793 silly ADD node_modules/type-is
794 silly ADD node_modules/statuses
795 silly ADD node_modules/serve-static
796 silly ADD node_modules/send
797 silly ADD node_modules/router
798 silly ADD node_modules/range-parser
799 silly ADD node_modules/qs
800 silly ADD node_modules/proxy-addr
801 silly ADD node_modules/parseurl
802 silly ADD node_modules/once
803 silly ADD node_modules/on-finished
804 silly ADD node_modules/mime-types
805 silly ADD node_modules/merge-descriptors
806 silly ADD node_modules/http-errors
807 silly ADD node_modules/fresh
808 silly ADD node_modules/finalhandler
809 silly ADD node_modules/etag
810 silly ADD node_modules/escape-html
811 silly ADD node_modules/encodeurl
812 silly ADD node_modules/depd
813 silly ADD node_modules/debug
814 silly ADD node_modules/cookie-signature
815 silly ADD node_modules/cookie
816 silly ADD node_modules/content-type
817 silly ADD node_modules/content-disposition
818 silly ADD node_modules/body-parser
819 silly ADD node_modules/accepts
820 silly ADD node_modules/vary
821 silly ADD node_modules/object-assign
822 silly ADD node_modules/socket.io
823 silly ADD node_modules/socket.io/node_modules/mime-db
824 silly ADD node_modules/socket.io/node_modules/negotiator
825 silly ADD node_modules/socket.io/node_modules/mime-types
826 silly ADD node_modules/socket.io/node_modules/accepts
827 silly ADD node_modules/express
828 silly ADD node_modules/cors
829 verbose cwd /Users/seongseojo/바이브코딩/chrono-link/server
830 verbose os Darwin 25.3.0
831 verbose node v24.13.1
832 verbose npm  v11.8.0
833 notice
833 notice New [33mminor[39m version of npm available! [33m11.8.0[39m -> [34m11.11.0[39m
833 notice Changelog: [34mhttps://github.com/npm/cli/releases/tag/v11.11.0[39m
833 notice To update run: [4mnpm install -g npm@11.11.0[24m
833 notice  { force: true, Symbol(proc-log.meta): true }
834 verbose exit 0
835 info ok
